<?xml version="1.0" encoding="UTF-8"?>
<testsuite xmlns:xsi="http://www.w3.org/2001/XMLSchema-instance" xsi:noNamespaceSchemaLocation="https://maven.apache.org/surefire/maven-surefire-plugin/xsd/surefire-test-report.xsd" name="smartrics.iotics.identity.SimpleIdentityTest" time="0.026" tests="15" errors="0" skipped="0" failures="0">
  <properties>
    <property name="java.specification.version" value="17"/>
    <property name="sun.jnu.encoding" value="UTF-8"/>
    <property name="java.class.path" value="/home/fabrizio/work/smartrics/iotics-identity-java/target/test-classes:/home/fabrizio/work/smartrics/iotics-identity-java/target/classes:/home/fabrizio/.m2/repository/org/junit/jupiter/junit-jupiter-api/5.4.2/junit-jupiter-api-5.4.2.jar:/home/fabrizio/.m2/repository/org/apiguardian/apiguardian-api/1.0.0/apiguardian-api-1.0.0.jar:/home/fabrizio/.m2/repository/org/opentest4j/opentest4j/1.1.1/opentest4j-1.1.1.jar:/home/fabrizio/.m2/repository/org/junit/platform/junit-platform-commons/1.4.2/junit-platform-commons-1.4.2.jar:/home/fabrizio/.m2/repository/org/junit/jupiter/junit-jupiter-engine/5.4.2/junit-jupiter-engine-5.4.2.jar:/home/fabrizio/.m2/repository/org/junit/platform/junit-platform-engine/1.4.2/junit-platform-engine-1.4.2.jar:/home/fabrizio/.m2/repository/org/mockito/mockito-junit-jupiter/4.0.0/mockito-junit-jupiter-4.0.0.jar:/home/fabrizio/.m2/repository/org/mockito/mockito-core/4.0.0/mockito-core-4.0.0.jar:/home/fabrizio/.m2/repository/net/bytebuddy/byte-buddy/1.11.19/byte-buddy-1.11.19.jar:/home/fabrizio/.m2/repository/net/bytebuddy/byte-buddy-agent/1.11.19/byte-buddy-agent-1.11.19.jar:/home/fabrizio/.m2/repository/org/objenesis/objenesis/3.2/objenesis-3.2.jar:/home/fabrizio/.m2/repository/net/java/dev/jna/jna/4.4.0/jna-4.4.0.jar:/home/fabrizio/.m2/repository/com/squareup/okhttp3/okhttp/4.9.0/okhttp-4.9.0.jar:/home/fabrizio/.m2/repository/com/squareup/okio/okio/2.8.0/okio-2.8.0.jar:/home/fabrizio/.m2/repository/org/jetbrains/kotlin/kotlin-stdlib-common/1.4.0/kotlin-stdlib-common-1.4.0.jar:/home/fabrizio/.m2/repository/org/jetbrains/kotlin/kotlin-stdlib/1.4.10/kotlin-stdlib-1.4.10.jar:/home/fabrizio/.m2/repository/org/jetbrains/annotations/13.0/annotations-13.0.jar:/home/fabrizio/.m2/repository/com/google/protobuf/protobuf-javalite/3.19.6/protobuf-javalite-3.19.6.jar:/home/fabrizio/.m2/repository/org/bitcoinj/bitcoinj-core/0.16.2/bitcoinj-core-0.16.2.jar:/home/fabrizio/.m2/repository/org/bouncycastle/bcprov-jdk15to18/1.69/bcprov-jdk15to18-1.69.jar:/home/fabrizio/.m2/repository/com/google/guava/guava/31.0.1-android/guava-31.0.1-android.jar:/home/fabrizio/.m2/repository/com/google/guava/failureaccess/1.0.1/failureaccess-1.0.1.jar:/home/fabrizio/.m2/repository/com/google/guava/listenablefuture/9999.0-empty-to-avoid-conflict-with-guava/listenablefuture-9999.0-empty-to-avoid-conflict-with-guava.jar:/home/fabrizio/.m2/repository/com/google/code/findbugs/jsr305/3.0.2/jsr305-3.0.2.jar:/home/fabrizio/.m2/repository/org/checkerframework/checker-qual/3.12.0/checker-qual-3.12.0.jar:/home/fabrizio/.m2/repository/org/checkerframework/checker-compat-qual/2.5.5/checker-compat-qual-2.5.5.jar:/home/fabrizio/.m2/repository/com/google/errorprone/error_prone_annotations/2.7.1/error_prone_annotations-2.7.1.jar:/home/fabrizio/.m2/repository/com/google/j2objc/j2objc-annotations/1.3/j2objc-annotations-1.3.jar:/home/fabrizio/.m2/repository/org/slf4j/slf4j-api/1.7.32/slf4j-api-1.7.32.jar:/home/fabrizio/.m2/repository/net/jcip/jcip-annotations/1.0/jcip-annotations-1.0.jar:/home/fabrizio/.m2/repository/org/json/json/20220320/json-20220320.jar:"/>
    <property name="java.vm.vendor" value="Private Build"/>
    <property name="sun.arch.data.model" value="64"/>
    <property name="java.vendor.url" value="Unknown"/>
    <property name="os.name" value="Linux"/>
    <property name="java.vm.specification.version" value="17"/>
    <property name="sun.java.launcher" value="SUN_STANDARD"/>
    <property name="user.country" value="GB"/>
    <property name="sun.boot.library.path" value="/usr/lib/jvm/java-17-openjdk-amd64/lib"/>
    <property name="sun.java.command" value="/home/fabrizio/work/smartrics/iotics-identity-java/target/surefire/surefirebooter16923284486528124370.jar /home/fabrizio/work/smartrics/iotics-identity-java/target/surefire 2023-03-30T18-22-20_217-jvmRun1 surefire9804406329498003306tmp surefire_017488432530524105114tmp"/>
    <property name="jdk.debug" value="release"/>
    <property name="surefire.test.class.path" value="/home/fabrizio/work/smartrics/iotics-identity-java/target/test-classes:/home/fabrizio/work/smartrics/iotics-identity-java/target/classes:/home/fabrizio/.m2/repository/org/junit/jupiter/junit-jupiter-api/5.4.2/junit-jupiter-api-5.4.2.jar:/home/fabrizio/.m2/repository/org/apiguardian/apiguardian-api/1.0.0/apiguardian-api-1.0.0.jar:/home/fabrizio/.m2/repository/org/opentest4j/opentest4j/1.1.1/opentest4j-1.1.1.jar:/home/fabrizio/.m2/repository/org/junit/platform/junit-platform-commons/1.4.2/junit-platform-commons-1.4.2.jar:/home/fabrizio/.m2/repository/org/junit/jupiter/junit-jupiter-engine/5.4.2/junit-jupiter-engine-5.4.2.jar:/home/fabrizio/.m2/repository/org/junit/platform/junit-platform-engine/1.4.2/junit-platform-engine-1.4.2.jar:/home/fabrizio/.m2/repository/org/mockito/mockito-junit-jupiter/4.0.0/mockito-junit-jupiter-4.0.0.jar:/home/fabrizio/.m2/repository/org/mockito/mockito-core/4.0.0/mockito-core-4.0.0.jar:/home/fabrizio/.m2/repository/net/bytebuddy/byte-buddy/1.11.19/byte-buddy-1.11.19.jar:/home/fabrizio/.m2/repository/net/bytebuddy/byte-buddy-agent/1.11.19/byte-buddy-agent-1.11.19.jar:/home/fabrizio/.m2/repository/org/objenesis/objenesis/3.2/objenesis-3.2.jar:/home/fabrizio/.m2/repository/net/java/dev/jna/jna/4.4.0/jna-4.4.0.jar:/home/fabrizio/.m2/repository/com/squareup/okhttp3/okhttp/4.9.0/okhttp-4.9.0.jar:/home/fabrizio/.m2/repository/com/squareup/okio/okio/2.8.0/okio-2.8.0.jar:/home/fabrizio/.m2/repository/org/jetbrains/kotlin/kotlin-stdlib-common/1.4.0/kotlin-stdlib-common-1.4.0.jar:/home/fabrizio/.m2/repository/org/jetbrains/kotlin/kotlin-stdlib/1.4.10/kotlin-stdlib-1.4.10.jar:/home/fabrizio/.m2/repository/org/jetbrains/annotations/13.0/annotations-13.0.jar:/home/fabrizio/.m2/repository/com/google/protobuf/protobuf-javalite/3.19.6/protobuf-javalite-3.19.6.jar:/home/fabrizio/.m2/repository/org/bitcoinj/bitcoinj-core/0.16.2/bitcoinj-core-0.16.2.jar:/home/fabrizio/.m2/repository/org/bouncycastle/bcprov-jdk15to18/1.69/bcprov-jdk15to18-1.69.jar:/home/fabrizio/.m2/repository/com/google/guava/guava/31.0.1-android/guava-31.0.1-android.jar:/home/fabrizio/.m2/repository/com/google/guava/failureaccess/1.0.1/failureaccess-1.0.1.jar:/home/fabrizio/.m2/repository/com/google/guava/listenablefuture/9999.0-empty-to-avoid-conflict-with-guava/listenablefuture-9999.0-empty-to-avoid-conflict-with-guava.jar:/home/fabrizio/.m2/repository/com/google/code/findbugs/jsr305/3.0.2/jsr305-3.0.2.jar:/home/fabrizio/.m2/repository/org/checkerframework/checker-qual/3.12.0/checker-qual-3.12.0.jar:/home/fabrizio/.m2/repository/org/checkerframework/checker-compat-qual/2.5.5/checker-compat-qual-2.5.5.jar:/home/fabrizio/.m2/repository/com/google/errorprone/error_prone_annotations/2.7.1/error_prone_annotations-2.7.1.jar:/home/fabrizio/.m2/repository/com/google/j2objc/j2objc-annotations/1.3/j2objc-annotations-1.3.jar:/home/fabrizio/.m2/repository/org/slf4j/slf4j-api/1.7.32/slf4j-api-1.7.32.jar:/home/fabrizio/.m2/repository/net/jcip/jcip-annotations/1.0/jcip-annotations-1.0.jar:/home/fabrizio/.m2/repository/org/json/json/20220320/json-20220320.jar:"/>
    <property name="sun.cpu.endian" value="little"/>
    <property name="user.home" value="/home/fabrizio"/>
    <property name="user.language" value="en"/>
    <property name="java.specification.vendor" value="Oracle Corporation"/>
    <property name="java.version.date" value="2023-01-17"/>
    <property name="java.home" value="/usr/lib/jvm/java-17-openjdk-amd64"/>
    <property name="file.separator" value="/"/>
    <property name="basedir" value="/home/fabrizio/work/smartrics/iotics-identity-java"/>
    <property name="java.vm.compressedOopsMode" value="Zero based"/>
    <property name="line.separator" value="&#10;"/>
    <property name="java.vm.specification.vendor" value="Oracle Corporation"/>
    <property name="java.specification.name" value="Java Platform API Specification"/>
    <property name="surefire.real.class.path" value="/home/fabrizio/work/smartrics/iotics-identity-java/target/surefire/surefirebooter16923284486528124370.jar"/>
    <property name="sun.management.compiler" value="HotSpot 64-Bit Tiered Compilers"/>
    <property name="java.runtime.version" value="17.0.6+10-Ubuntu-0ubuntu122.04"/>
    <property name="user.name" value="fabrizio"/>
    <property name="path.separator" value=":"/>
    <property name="os.version" value="5.15.0-67-generic"/>
    <property name="java.runtime.name" value="OpenJDK Runtime Environment"/>
    <property name="file.encoding" value="UTF-8"/>
    <property name="java.vm.name" value="OpenJDK 64-Bit Server VM"/>
    <property name="localRepository" value="/home/fabrizio/.m2/repository"/>
    <property name="java.vendor.url.bug" value="Unknown"/>
    <property name="java.io.tmpdir" value="/tmp"/>
    <property name="java.version" value="17.0.6"/>
    <property name="user.dir" value="/home/fabrizio/work/smartrics/iotics-identity-java"/>
    <property name="os.arch" value="amd64"/>
    <property name="java.vm.specification.name" value="Java Virtual Machine Specification"/>
    <property name="native.encoding" value="UTF-8"/>
    <property name="java.library.path" value="/usr/java/packages/lib:/usr/lib/x86_64-linux-gnu/jni:/lib/x86_64-linux-gnu:/usr/lib/x86_64-linux-gnu:/usr/lib/jni:/lib:/usr/lib"/>
    <property name="java.vm.info" value="mixed mode, sharing"/>
    <property name="java.vendor" value="Private Build"/>
    <property name="java.vm.version" value="17.0.6+10-Ubuntu-0ubuntu122.04"/>
    <property name="sun.io.unicode.encoding" value="UnicodeLittle"/>
    <property name="java.class.version" value="61.0"/>
  </properties>
  <testcase name="whenConstructedWithoutSeed_thenGeneratesNewOne" classname="smartrics.iotics.identity.SimpleIdentityTest" time="0"/>
  <testcase name="whenConstructedWithOneSeed_thenUsesItForBothAgentAndUser" classname="smartrics.iotics.identity.SimpleIdentityTest" time="0"/>
  <testcase name="whenTwinDelegatesControlToAgent_thenMapsParametersAndDelegatesToApi" classname="smartrics.iotics.identity.SimpleIdentityTest" time="0"/>
  <testcase name="whenCreateUserIdentityFails_thenThrows" classname="smartrics.iotics.identity.SimpleIdentityTest" time="0.002"/>
  <testcase name="whenCreateAgentAuthToken_thenMapsParametersAndDelegatesToApi" classname="smartrics.iotics.identity.SimpleIdentityTest" time="0.003"/>
  <testcase name="whenRecreateUserIdentity_thenMapsParametersAndDelegatesToApi" classname="smartrics.iotics.identity.SimpleIdentityTest" time="0.002"/>
  <testcase name="whenUserDelegatesAuthenticationToAgent_thenMapsParametersAndDelegatesToApi" classname="smartrics.iotics.identity.SimpleIdentityTest" time="0.001"/>
  <testcase name="whenCreateAgentIdentity_thenMapsParametersAndDelegatesToApi" classname="smartrics.iotics.identity.SimpleIdentityTest" time="0.002"/>
  <testcase name="whenCreateAgentAuthToken_thenMapsParametersAndDelegatesToApiWithDefaultAudience" classname="smartrics.iotics.identity.SimpleIdentityTest" time="0.003"/>
  <testcase name="validApiConstruction" classname="smartrics.iotics.identity.SimpleIdentityTest" time="0.002"/>
  <testcase name="whenRecreateAgentIdentity_thenMapsParametersAndDelegatesToApi" classname="smartrics.iotics.identity.SimpleIdentityTest" time="0.002"/>
  <testcase name="whenConstructedWithTwoSeed_thenUsesOneForUserAndOneForAgent" classname="smartrics.iotics.identity.SimpleIdentityTest" time="0.001"/>
  <testcase name="whenIsAllowedFor_thenDelegatesToApi" classname="smartrics.iotics.identity.SimpleIdentityTest" time="0.002"/>
  <testcase name="whenCreateUserIdentity_thenMapsParametersAndDelegatesToApi" classname="smartrics.iotics.identity.SimpleIdentityTest" time="0.002"/>
  <testcase name="whenCreateTwinDidWithControlDelegation_thenMapsParametersAndDelegatesToApi" classname="smartrics.iotics.identity.SimpleIdentityTest" time="0.002"/>
</testsuite>